<?xml version="1.0" encoding="UTF-8"?>
<testng-results ignored="0" total="4" passed="4" failed="0" skipped="0">
  <reporter-output>
  </reporter-output>
  <suite started-at="2025-06-10T10:00:21Z" name="Input Form Automation Tests" finished-at="2025-06-10T10:02:08Z" duration-ms="106429">
    <groups>
    </groups>
    <test started-at="2025-06-10T10:00:21Z" name="Slider Test - Chrome" finished-at="2025-06-10T10:00:47Z" duration-ms="26029">
      <class name="com.inputform.InputFormAutomation">
        <test-method is-config="true" signature="setup(java.lang.String, java.lang.String, java.lang.String)[pri:0, instance:com.inputform.InputFormAutomation@33bc72d1]" started-at="2025-06-10T10:00:21Z" name="setup" finished-at="2025-06-10T10:00:32Z" duration-ms="10979" status="PASS">
          <params>
            <param index="0">
              <value>
                <![CDATA[Chrome]]>
              </value>
            </param>
            <param index="1">
              <value>
                <![CDATA[128.0]]>
              </value>
            </param>
            <param index="2">
              <value>
                <![CDATA[Windows 10]]>
              </value>
            </param>
          </params>
          <reporter-output>
          </reporter-output>
        </test-method> <!-- setup -->
        <test-method signature="InputForm()[pri:0, instance:com.inputform.InputFormAutomation@33bc72d1]" started-at="2025-06-10T10:00:32Z" name="InputForm" finished-at="2025-06-10T10:00:47Z" duration-ms="15032" status="PASS">
          <reporter-output>
          </reporter-output>
        </test-method> <!-- InputForm -->
        <test-method is-config="true" signature="tearDown()[pri:0, instance:com.inputform.InputFormAutomation@33bc72d1]" started-at="2025-06-10T10:00:47Z" name="tearDown" finished-at="2025-06-10T10:00:47Z" duration-ms="1" status="PASS">
          <reporter-output>
          </reporter-output>
        </test-method> <!-- tearDown -->
      </class> <!-- com.inputform.InputFormAutomation -->
    </test> <!-- Slider Test - Chrome -->
    <test started-at="2025-06-10T10:00:47Z" name="Input Form Test - Edge" finished-at="2025-06-10T10:01:07Z" duration-ms="19911">
      <class name="com.inputform.InputFormAutomation">
        <test-method is-config="true" signature="setup(java.lang.String, java.lang.String, java.lang.String)[pri:0, instance:com.inputform.InputFormAutomation@4a003cbe]" started-at="2025-06-10T10:00:47Z" name="setup" finished-at="2025-06-10T10:00:59Z" duration-ms="11392" status="PASS">
          <params>
            <param index="0">
              <value>
                <![CDATA[MicrosoftEdge]]>
              </value>
            </param>
            <param index="1">
              <value>
                <![CDATA[127.0]]>
              </value>
            </param>
            <param index="2">
              <value>
                <![CDATA[macOS Ventura]]>
              </value>
            </param>
          </params>
          <reporter-output>
          </reporter-output>
        </test-method> <!-- setup -->
        <test-method signature="InputForm()[pri:0, instance:com.inputform.InputFormAutomation@4a003cbe]" started-at="2025-06-10T10:00:59Z" name="InputForm" finished-at="2025-06-10T10:01:07Z" duration-ms="8516" status="PASS">
          <reporter-output>
          </reporter-output>
        </test-method> <!-- InputForm -->
        <test-method is-config="true" signature="tearDown()[pri:0, instance:com.inputform.InputFormAutomation@4a003cbe]" started-at="2025-06-10T10:01:07Z" name="tearDown" finished-at="2025-06-10T10:01:07Z" duration-ms="0" status="PASS">
          <reporter-output>
          </reporter-output>
        </test-method> <!-- tearDown -->
      </class> <!-- com.inputform.InputFormAutomation -->
    </test> <!-- Input Form Test - Edge -->
    <test started-at="2025-06-10T10:01:07Z" name="Input Form Test - Firefox" finished-at="2025-06-10T10:01:43Z" duration-ms="35488">
      <class name="com.inputform.InputFormAutomation">
        <test-method is-config="true" signature="setup(java.lang.String, java.lang.String, java.lang.String)[pri:0, instance:com.inputform.InputFormAutomation@6d60fe40]" started-at="2025-06-10T10:01:07Z" name="setup" finished-at="2025-06-10T10:01:27Z" duration-ms="19474" status="PASS">
          <params>
            <param index="0">
              <value>
                <![CDATA[Firefox]]>
              </value>
            </param>
            <param index="1">
              <value>
                <![CDATA[130.0]]>
              </value>
            </param>
            <param index="2">
              <value>
                <![CDATA[Windows 11]]>
              </value>
            </param>
          </params>
          <reporter-output>
          </reporter-output>
        </test-method> <!-- setup -->
        <test-method signature="InputForm()[pri:0, instance:com.inputform.InputFormAutomation@6d60fe40]" started-at="2025-06-10T10:01:27Z" name="InputForm" finished-at="2025-06-10T10:01:43Z" duration-ms="16010" status="PASS">
          <reporter-output>
          </reporter-output>
        </test-method> <!-- InputForm -->
        <test-method is-config="true" signature="tearDown()[pri:0, instance:com.inputform.InputFormAutomation@6d60fe40]" started-at="2025-06-10T10:01:43Z" name="tearDown" finished-at="2025-06-10T10:01:43Z" duration-ms="1" status="PASS">
          <reporter-output>
          </reporter-output>
        </test-method> <!-- tearDown -->
      </class> <!-- com.inputform.InputFormAutomation -->
    </test> <!-- Input Form Test - Firefox -->
    <test started-at="2025-06-10T10:01:43Z" name="Input Form Test - IE" finished-at="2025-06-10T10:02:08Z" duration-ms="24951">
      <class name="com.inputform.InputFormAutomation">
        <test-method is-config="true" signature="setup(java.lang.String, java.lang.String, java.lang.String)[pri:0, instance:com.inputform.InputFormAutomation@302c971f]" started-at="2025-06-10T10:01:43Z" name="setup" finished-at="2025-06-10T10:01:53Z" duration-ms="9883" status="PASS">
          <params>
            <param index="0">
              <value>
                <![CDATA[Internet Explorer]]>
              </value>
            </param>
            <param index="1">
              <value>
                <![CDATA[11.0]]>
              </value>
            </param>
            <param index="2">
              <value>
                <![CDATA[Windows 10]]>
              </value>
            </param>
          </params>
          <reporter-output>
          </reporter-output>
        </test-method> <!-- setup -->
        <test-method signature="InputForm()[pri:0, instance:com.inputform.InputFormAutomation@302c971f]" started-at="2025-06-10T10:01:53Z" name="InputForm" finished-at="2025-06-10T10:02:08Z" duration-ms="15066" status="PASS">
          <reporter-output>
          </reporter-output>
        </test-method> <!-- InputForm -->
        <test-method is-config="true" signature="tearDown()[pri:0, instance:com.inputform.InputFormAutomation@302c971f]" started-at="2025-06-10T10:02:08Z" name="tearDown" finished-at="2025-06-10T10:02:08Z" duration-ms="0" status="PASS">
          <reporter-output>
          </reporter-output>
        </test-method> <!-- tearDown -->
      </class> <!-- com.inputform.InputFormAutomation -->
    </test> <!-- Input Form Test - IE -->
  </suite> <!-- Input Form Automation Tests -->
</testng-results>
