<?xml version="1.0" encoding="UTF-8"?>
<!-- Generated by org.testng.reporters.JUnitXMLReporter -->
<testsuite ignored="0" hostname="DESKTOP-N73PS5E" failures="1" tests="1" name="Simple Form Demo Tests - IE" time="15.096" errors="0" timestamp="10 Jun 2025 09:16:25 GMT">
  <testcase classname="com.simpleform.SimpleFormTest" name="testSimpleFormDemo" time="3.773">
    <failure type="java.lang.AssertionError" message="Message validation failed. Output: ">
      <![CDATA[java.lang.AssertionError: Message validation failed. Output: 
at com.simpleform.SimpleFormTest.testSimpleFormDemo(SimpleFormTest.java:82)
at java.base/java.util.concurrent.ThreadPoolExecutor.runWorker(ThreadPoolExecutor.java:1144)
at java.base/java.util.concurrent.ThreadPoolExecutor$Worker.run(ThreadPoolExecutor.java:642)
at java.base/java.lang.Thread.run(Thread.java:1583)
... Removed 12 stack frames]]>
    </failure>
  </testcase> <!-- testSimpleFormDemo -->
</testsuite> <!-- Simple Form Demo Tests - IE -->
